Iteration,0,AntsCount,10,FacilitiesCount,2,CitiesCount,9,GlobalBest,9,IterBest,9,IterWorst,15
Iteration,1,AntsCount,10,FacilitiesCount,2,CitiesCount,9,GlobalBest,9,IterBest,9,IterWorst,15
Iteration,2,AntsCount,10,FacilitiesCount,2,CitiesCount,9,GlobalBest,9,IterBest,10,IterWorst,16
Iteration,3,AntsCount,10,FacilitiesCount,2,CitiesCount,9,GlobalBest,9,IterBest,9,IterWorst,10
Iteration,4,AntsCount,10,FacilitiesCount,2,CitiesCount,9,GlobalBest,9,IterBest,10,IterWorst,15
Iteration,5,AntsCount,10,FacilitiesCount,2,CitiesCount,9,GlobalBest,9,IterBest,10,IterWorst,14
Iteration,6,AntsCount,10,FacilitiesCount,2,CitiesCount,9,GlobalBest,9,IterBest,10,IterWorst,14
Iteration,7,AntsCount,10,FacilitiesCount,2,CitiesCount,9,GlobalBest,9,IterBest,9,IterWorst,11
Iteration,8,AntsCount,10,FacilitiesCount,2,CitiesCount,9,GlobalBest,9,IterBest,9,IterWorst,11
Iteration,9,AntsCount,10,FacilitiesCount,2,CitiesCount,9,GlobalBest,9,IterBest,9,IterWorst,14
Iteration,10,AntsCount,10,FacilitiesCount,2,CitiesCount,9,GlobalBest,9,IterBest,9,IterWorst,11
Iteration,11,AntsCount,10,FacilitiesCount,2,CitiesCount,9,GlobalBest,9,IterBest,9,IterWorst,11
Iteration,12,AntsCount,10,FacilitiesCount,2,CitiesCount,9,GlobalBest,9,IterBest,9,IterWorst,11
Iteration,13,AntsCount,10,FacilitiesCount,2,CitiesCount,9,GlobalBest,9,IterBest,9,IterWorst,16
Iteration,14,AntsCount,10,FacilitiesCount,2,CitiesCount,9,GlobalBest,9,IterBest,9,IterWorst,14
Iteration,15,AntsCount,10,FacilitiesCount,2,CitiesCount,9,GlobalBest,9,IterBest,9,IterWorst,15
Iteration,16,AntsCount,10,FacilitiesCount,2,CitiesCount,9,GlobalBest,9,IterBest,9,IterWorst,15
Iteration,17,AntsCount,10,FacilitiesCount,2,CitiesCount,9,GlobalBest,9,IterBest,9,IterWorst,14
Iteration,18,AntsCount,10,FacilitiesCount,2,CitiesCount,9,GlobalBest,9,IterBest,9,IterWorst,14
Iteration,19,AntsCount,10,FacilitiesCount,2,CitiesCount,9,GlobalBest,9,IterBest,9,IterWorst,14
Iteration,20,AntsCount,10,FacilitiesCount,2,CitiesCount,9,GlobalBest,9,IterBest,9,IterWorst,15
Iteration,21,AntsCount,10,FacilitiesCount,2,CitiesCount,9,GlobalBest,9,IterBest,9,IterWorst,16
Iteration,22,AntsCount,10,FacilitiesCount,2,CitiesCount,9,GlobalBest,9,IterBest,9,IterWorst,15
Iteration,23,AntsCount,10,FacilitiesCount,2,CitiesCount,9,GlobalBest,9,IterBest,9,IterWorst,14
Iteration,24,AntsCount,10,FacilitiesCount,2,CitiesCount,9,GlobalBest,9,IterBest,9,IterWorst,15
Iteration,25,AntsCount,10,FacilitiesCount,2,CitiesCount,9,GlobalBest,9,IterBest,10,IterWorst,16
Iteration,26,AntsCount,10,FacilitiesCount,2,CitiesCount,9,GlobalBest,9,IterBest,9,IterWorst,14
Iteration,27,AntsCount,10,FacilitiesCount,2,CitiesCount,9,GlobalBest,9,IterBest,9,IterWorst,15
Iteration,28,AntsCount,10,FacilitiesCount,2,CitiesCount,9,GlobalBest,9,IterBest,9,IterWorst,15
Iteration,29,AntsCount,10,FacilitiesCount,2,CitiesCount,9,GlobalBest,9,IterBest,9,IterWorst,16
Iteration,30,AntsCount,10,FacilitiesCount,2,CitiesCount,9,GlobalBest,9,IterBest,9,IterWorst,16
Iteration,31,AntsCount,10,FacilitiesCount,2,CitiesCount,9,GlobalBest,9,IterBest,9,IterWorst,15
Iteration,32,AntsCount,10,FacilitiesCount,2,CitiesCount,9,GlobalBest,9,IterBest,9,IterWorst,15
Iteration,33,AntsCount,10,FacilitiesCount,2,CitiesCount,9,GlobalBest,9,IterBest,9,IterWorst,15
Iteration,34,AntsCount,10,FacilitiesCount,2,CitiesCount,9,GlobalBest,9,IterBest,9,IterWorst,15
Iteration,35,AntsCount,10,FacilitiesCount,2,CitiesCount,9,GlobalBest,9,IterBest,9,IterWorst,16
Iteration,36,AntsCount,10,FacilitiesCount,2,CitiesCount,9,GlobalBest,9,IterBest,10,IterWorst,15
Iteration,37,AntsCount,10,FacilitiesCount,2,CitiesCount,9,GlobalBest,9,IterBest,9,IterWorst,16
Iteration,38,AntsCount,10,FacilitiesCount,2,CitiesCount,9,GlobalBest,9,IterBest,9,IterWorst,14
Iteration,39,AntsCount,10,FacilitiesCount,2,CitiesCount,9,GlobalBest,9,IterBest,9,IterWorst,15
Iteration,40,AntsCount,10,FacilitiesCount,2,CitiesCount,9,GlobalBest,9,IterBest,9,IterWorst,14
Iteration,41,AntsCount,10,FacilitiesCount,2,CitiesCount,9,GlobalBest,9,IterBest,9,IterWorst,10
Iteration,42,AntsCount,10,FacilitiesCount,2,CitiesCount,9,GlobalBest,9,IterBest,9,IterWorst,10
Iteration,43,AntsCount,10,FacilitiesCount,2,CitiesCount,9,GlobalBest,9,IterBest,9,IterWorst,11
Iteration,44,AntsCount,10,FacilitiesCount,2,CitiesCount,9,GlobalBest,9,IterBest,9,IterWorst,15
Iteration,45,AntsCount,10,FacilitiesCount,2,CitiesCount,9,GlobalBest,9,IterBest,9,IterWorst,14
Iteration,46,AntsCount,10,FacilitiesCount,2,CitiesCount,9,GlobalBest,9,IterBest,9,IterWorst,15
Iteration,47,AntsCount,10,FacilitiesCount,2,CitiesCount,9,GlobalBest,9,IterBest,9,IterWorst,11
Iteration,48,AntsCount,10,FacilitiesCount,2,CitiesCount,9,GlobalBest,9,IterBest,9,IterWorst,15
Iteration,49,AntsCount,10,FacilitiesCount,2,CitiesCount,9,GlobalBest,9,IterBest,9,IterWorst,16
