Iteration,0,AntsCount,1000,FacilitiesCount,5,CitiesCount,82,GlobalBest,434,IterBest,434,IterWorst,1363
Iteration,1,AntsCount,1000,FacilitiesCount,5,CitiesCount,82,GlobalBest,434,IterBest,434,IterWorst,1242
Iteration,2,AntsCount,1000,FacilitiesCount,5,CitiesCount,82,GlobalBest,390,IterBest,390,IterWorst,1242
Iteration,3,AntsCount,1000,FacilitiesCount,5,CitiesCount,82,GlobalBest,358,IterBest,358,IterWorst,1261
Iteration,4,AntsCount,1000,FacilitiesCount,5,CitiesCount,82,GlobalBest,358,IterBest,421,IterWorst,1219
Iteration,5,AntsCount,1000,FacilitiesCount,5,CitiesCount,82,GlobalBest,358,IterBest,434,IterWorst,1345
Iteration,6,AntsCount,1000,FacilitiesCount,5,CitiesCount,82,GlobalBest,358,IterBest,391,IterWorst,1219
Iteration,7,AntsCount,1000,FacilitiesCount,5,CitiesCount,82,GlobalBest,358,IterBest,434,IterWorst,1189
Iteration,8,AntsCount,1000,FacilitiesCount,5,CitiesCount,82,GlobalBest,358,IterBest,379,IterWorst,1189
Iteration,9,AntsCount,1000,FacilitiesCount,5,CitiesCount,82,GlobalBest,358,IterBest,436,IterWorst,1242
Iteration,10,AntsCount,1000,FacilitiesCount,5,CitiesCount,82,GlobalBest,358,IterBest,436,IterWorst,1150
Iteration,11,AntsCount,1000,FacilitiesCount,5,CitiesCount,82,GlobalBest,358,IterBest,370,IterWorst,1318
Iteration,12,AntsCount,1000,FacilitiesCount,5,CitiesCount,82,GlobalBest,358,IterBest,414,IterWorst,1177
Iteration,13,AntsCount,1000,FacilitiesCount,5,CitiesCount,82,GlobalBest,358,IterBest,414,IterWorst,1345
Iteration,14,AntsCount,1000,FacilitiesCount,5,CitiesCount,82,GlobalBest,358,IterBest,427,IterWorst,1242
Iteration,15,AntsCount,1000,FacilitiesCount,5,CitiesCount,82,GlobalBest,358,IterBest,399,IterWorst,1242
Iteration,16,AntsCount,1000,FacilitiesCount,5,CitiesCount,82,GlobalBest,358,IterBest,377,IterWorst,1242
Iteration,17,AntsCount,1000,FacilitiesCount,5,CitiesCount,82,GlobalBest,358,IterBest,370,IterWorst,1094
Iteration,18,AntsCount,1000,FacilitiesCount,5,CitiesCount,82,GlobalBest,358,IterBest,370,IterWorst,1189
Iteration,19,AntsCount,1000,FacilitiesCount,5,CitiesCount,82,GlobalBest,358,IterBest,388,IterWorst,1247
Iteration,20,AntsCount,1000,FacilitiesCount,5,CitiesCount,82,GlobalBest,358,IterBest,370,IterWorst,1330
Iteration,21,AntsCount,1000,FacilitiesCount,5,CitiesCount,82,GlobalBest,358,IterBest,370,IterWorst,1219
Iteration,22,AntsCount,1000,FacilitiesCount,5,CitiesCount,82,GlobalBest,358,IterBest,370,IterWorst,1150
Iteration,23,AntsCount,1000,FacilitiesCount,5,CitiesCount,82,GlobalBest,358,IterBest,370,IterWorst,1318
Iteration,24,AntsCount,1000,FacilitiesCount,5,CitiesCount,82,GlobalBest,358,IterBest,370,IterWorst,1219
Iteration,25,AntsCount,1000,FacilitiesCount,5,CitiesCount,82,GlobalBest,358,IterBest,370,IterWorst,1079
Iteration,26,AntsCount,1000,FacilitiesCount,5,CitiesCount,82,GlobalBest,358,IterBest,370,IterWorst,1150
Iteration,27,AntsCount,1000,FacilitiesCount,5,CitiesCount,82,GlobalBest,358,IterBest,370,IterWorst,1281
Iteration,28,AntsCount,1000,FacilitiesCount,5,CitiesCount,82,GlobalBest,358,IterBest,370,IterWorst,1385
Iteration,29,AntsCount,1000,FacilitiesCount,5,CitiesCount,82,GlobalBest,358,IterBest,370,IterWorst,1094
Iteration,30,AntsCount,1000,FacilitiesCount,5,CitiesCount,82,GlobalBest,358,IterBest,370,IterWorst,1281
Iteration,31,AntsCount,1000,FacilitiesCount,5,CitiesCount,82,GlobalBest,358,IterBest,370,IterWorst,1363
Iteration,32,AntsCount,1000,FacilitiesCount,5,CitiesCount,82,GlobalBest,358,IterBest,370,IterWorst,1225
Iteration,33,AntsCount,1000,FacilitiesCount,5,CitiesCount,82,GlobalBest,358,IterBest,370,IterWorst,1079
Iteration,34,AntsCount,1000,FacilitiesCount,5,CitiesCount,82,GlobalBest,358,IterBest,358,IterWorst,1079
Iteration,35,AntsCount,1000,FacilitiesCount,5,CitiesCount,82,GlobalBest,358,IterBest,358,IterWorst,1219
Iteration,36,AntsCount,1000,FacilitiesCount,5,CitiesCount,82,GlobalBest,358,IterBest,358,IterWorst,1079
Iteration,37,AntsCount,1000,FacilitiesCount,5,CitiesCount,82,GlobalBest,358,IterBest,358,IterWorst,1079
Iteration,38,AntsCount,1000,FacilitiesCount,5,CitiesCount,82,GlobalBest,358,IterBest,358,IterWorst,1079
Iteration,39,AntsCount,1000,FacilitiesCount,5,CitiesCount,82,GlobalBest,358,IterBest,358,IterWorst,1242
Iteration,40,AntsCount,1000,FacilitiesCount,5,CitiesCount,82,GlobalBest,358,IterBest,358,IterWorst,1242
Iteration,41,AntsCount,1000,FacilitiesCount,5,CitiesCount,82,GlobalBest,358,IterBest,358,IterWorst,1219
Iteration,42,AntsCount,1000,FacilitiesCount,5,CitiesCount,82,GlobalBest,358,IterBest,358,IterWorst,1189
Iteration,43,AntsCount,1000,FacilitiesCount,5,CitiesCount,82,GlobalBest,358,IterBest,358,IterWorst,1242
Iteration,44,AntsCount,1000,FacilitiesCount,5,CitiesCount,82,GlobalBest,358,IterBest,358,IterWorst,1242
Iteration,45,AntsCount,1000,FacilitiesCount,5,CitiesCount,82,GlobalBest,358,IterBest,358,IterWorst,1079
Iteration,46,AntsCount,1000,FacilitiesCount,5,CitiesCount,82,GlobalBest,358,IterBest,358,IterWorst,1219
Iteration,47,AntsCount,1000,FacilitiesCount,5,CitiesCount,82,GlobalBest,358,IterBest,358,IterWorst,1242
Iteration,48,AntsCount,1000,FacilitiesCount,5,CitiesCount,82,GlobalBest,358,IterBest,358,IterWorst,1098
Iteration,49,AntsCount,1000,FacilitiesCount,5,CitiesCount,82,GlobalBest,358,IterBest,358,IterWorst,1242
Iteration,50,AntsCount,1000,FacilitiesCount,5,CitiesCount,82,GlobalBest,358,IterBest,358,IterWorst,1052
Iteration,51,AntsCount,1000,FacilitiesCount,5,CitiesCount,82,GlobalBest,358,IterBest,358,IterWorst,1085
Iteration,52,AntsCount,1000,FacilitiesCount,5,CitiesCount,82,GlobalBest,358,IterBest,358,IterWorst,1242
Iteration,53,AntsCount,1000,FacilitiesCount,5,CitiesCount,82,GlobalBest,358,IterBest,358,IterWorst,1242
Iteration,54,AntsCount,1000,FacilitiesCount,5,CitiesCount,82,GlobalBest,358,IterBest,358,IterWorst,882
Iteration,55,AntsCount,1000,FacilitiesCount,5,CitiesCount,82,GlobalBest,358,IterBest,358,IterWorst,1022
Iteration,56,AntsCount,1000,FacilitiesCount,5,CitiesCount,82,GlobalBest,358,IterBest,358,IterWorst,1098
Iteration,57,AntsCount,1000,FacilitiesCount,5,CitiesCount,82,GlobalBest,358,IterBest,358,IterWorst,1075
Iteration,58,AntsCount,1000,FacilitiesCount,5,CitiesCount,82,GlobalBest,358,IterBest,358,IterWorst,878
Iteration,59,AntsCount,1000,FacilitiesCount,5,CitiesCount,82,GlobalBest,358,IterBest,358,IterWorst,1189
Iteration,60,AntsCount,1000,FacilitiesCount,5,CitiesCount,82,GlobalBest,358,IterBest,358,IterWorst,1242
Iteration,61,AntsCount,1000,FacilitiesCount,5,CitiesCount,82,GlobalBest,358,IterBest,358,IterWorst,1094
Iteration,62,AntsCount,1000,FacilitiesCount,5,CitiesCount,82,GlobalBest,358,IterBest,358,IterWorst,1242
Iteration,63,AntsCount,1000,FacilitiesCount,5,CitiesCount,82,GlobalBest,358,IterBest,358,IterWorst,1094
Iteration,64,AntsCount,1000,FacilitiesCount,5,CitiesCount,82,GlobalBest,358,IterBest,358,IterWorst,1225
Iteration,65,AntsCount,1000,FacilitiesCount,5,CitiesCount,82,GlobalBest,358,IterBest,358,IterWorst,1085
Iteration,66,AntsCount,1000,FacilitiesCount,5,CitiesCount,82,GlobalBest,358,IterBest,358,IterWorst,1242
Iteration,67,AntsCount,1000,FacilitiesCount,5,CitiesCount,82,GlobalBest,358,IterBest,358,IterWorst,990
Iteration,68,AntsCount,1000,FacilitiesCount,5,CitiesCount,82,GlobalBest,358,IterBest,358,IterWorst,974
Iteration,69,AntsCount,1000,FacilitiesCount,5,CitiesCount,82,GlobalBest,358,IterBest,358,IterWorst,1094
Iteration,70,AntsCount,1000,FacilitiesCount,5,CitiesCount,82,GlobalBest,358,IterBest,358,IterWorst,1242
Iteration,71,AntsCount,1000,FacilitiesCount,5,CitiesCount,82,GlobalBest,358,IterBest,358,IterWorst,1069
Iteration,72,AntsCount,1000,FacilitiesCount,5,CitiesCount,82,GlobalBest,358,IterBest,358,IterWorst,1094
Iteration,73,AntsCount,1000,FacilitiesCount,5,CitiesCount,82,GlobalBest,358,IterBest,358,IterWorst,1242
Iteration,74,AntsCount,1000,FacilitiesCount,5,CitiesCount,82,GlobalBest,358,IterBest,358,IterWorst,1242
Iteration,75,AntsCount,1000,FacilitiesCount,5,CitiesCount,82,GlobalBest,358,IterBest,358,IterWorst,1242
Iteration,76,AntsCount,1000,FacilitiesCount,5,CitiesCount,82,GlobalBest,358,IterBest,358,IterWorst,1242
Iteration,77,AntsCount,1000,FacilitiesCount,5,CitiesCount,82,GlobalBest,358,IterBest,358,IterWorst,1242
Iteration,78,AntsCount,1000,FacilitiesCount,5,CitiesCount,82,GlobalBest,358,IterBest,358,IterWorst,1242
Iteration,79,AntsCount,1000,FacilitiesCount,5,CitiesCount,82,GlobalBest,358,IterBest,358,IterWorst,1242
Iteration,80,AntsCount,1000,FacilitiesCount,5,CitiesCount,82,GlobalBest,358,IterBest,358,IterWorst,1013
Iteration,81,AntsCount,1000,FacilitiesCount,5,CitiesCount,82,GlobalBest,358,IterBest,358,IterWorst,1242
Iteration,82,AntsCount,1000,FacilitiesCount,5,CitiesCount,82,GlobalBest,358,IterBest,358,IterWorst,990
Iteration,83,AntsCount,1000,FacilitiesCount,5,CitiesCount,82,GlobalBest,358,IterBest,358,IterWorst,1242
Iteration,84,AntsCount,1000,FacilitiesCount,5,CitiesCount,82,GlobalBest,358,IterBest,358,IterWorst,874
Iteration,85,AntsCount,1000,FacilitiesCount,5,CitiesCount,82,GlobalBest,358,IterBest,358,IterWorst,1242
Iteration,86,AntsCount,1000,FacilitiesCount,5,CitiesCount,82,GlobalBest,358,IterBest,358,IterWorst,990
Iteration,87,AntsCount,1000,FacilitiesCount,5,CitiesCount,82,GlobalBest,358,IterBest,358,IterWorst,1242
Iteration,88,AntsCount,1000,FacilitiesCount,5,CitiesCount,82,GlobalBest,358,IterBest,358,IterWorst,1242
Iteration,89,AntsCount,1000,FacilitiesCount,5,CitiesCount,82,GlobalBest,358,IterBest,358,IterWorst,1094
Iteration,90,AntsCount,1000,FacilitiesCount,5,CitiesCount,82,GlobalBest,358,IterBest,358,IterWorst,1075
Iteration,91,AntsCount,1000,FacilitiesCount,5,CitiesCount,82,GlobalBest,358,IterBest,358,IterWorst,1189
Iteration,92,AntsCount,1000,FacilitiesCount,5,CitiesCount,82,GlobalBest,358,IterBest,358,IterWorst,874
Iteration,93,AntsCount,1000,FacilitiesCount,5,CitiesCount,82,GlobalBest,358,IterBest,358,IterWorst,1242
Iteration,94,AntsCount,1000,FacilitiesCount,5,CitiesCount,82,GlobalBest,358,IterBest,358,IterWorst,1242
Iteration,95,AntsCount,1000,FacilitiesCount,5,CitiesCount,82,GlobalBest,358,IterBest,358,IterWorst,916
Iteration,96,AntsCount,1000,FacilitiesCount,5,CitiesCount,82,GlobalBest,358,IterBest,358,IterWorst,1069
Iteration,97,AntsCount,1000,FacilitiesCount,5,CitiesCount,82,GlobalBest,358,IterBest,358,IterWorst,1094
Iteration,98,AntsCount,1000,FacilitiesCount,5,CitiesCount,82,GlobalBest,358,IterBest,358,IterWorst,1085
Iteration,99,AntsCount,1000,FacilitiesCount,5,CitiesCount,82,GlobalBest,358,IterBest,358,IterWorst,935
Iteration,100,AntsCount,1000,FacilitiesCount,5,CitiesCount,82,GlobalBest,358,IterBest,358,IterWorst,916
Iteration,101,AntsCount,1000,FacilitiesCount,5,CitiesCount,82,GlobalBest,358,IterBest,358,IterWorst,874
Iteration,102,AntsCount,1000,FacilitiesCount,5,CitiesCount,82,GlobalBest,358,IterBest,358,IterWorst,1242
Iteration,103,AntsCount,1000,FacilitiesCount,5,CitiesCount,82,GlobalBest,358,IterBest,358,IterWorst,974
Iteration,104,AntsCount,1000,FacilitiesCount,5,CitiesCount,82,GlobalBest,358,IterBest,358,IterWorst,1075
Iteration,105,AntsCount,1000,FacilitiesCount,5,CitiesCount,82,GlobalBest,358,IterBest,358,IterWorst,1075
Iteration,106,AntsCount,1000,FacilitiesCount,5,CitiesCount,82,GlobalBest,358,IterBest,358,IterWorst,1242
Iteration,107,AntsCount,1000,FacilitiesCount,5,CitiesCount,82,GlobalBest,358,IterBest,358,IterWorst,1013
Iteration,108,AntsCount,1000,FacilitiesCount,5,CitiesCount,82,GlobalBest,358,IterBest,358,IterWorst,1189
Iteration,109,AntsCount,1000,FacilitiesCount,5,CitiesCount,82,GlobalBest,358,IterBest,358,IterWorst,919
Iteration,110,AntsCount,1000,FacilitiesCount,5,CitiesCount,82,GlobalBest,358,IterBest,358,IterWorst,1225
Iteration,111,AntsCount,1000,FacilitiesCount,5,CitiesCount,82,GlobalBest,358,IterBest,358,IterWorst,919
Iteration,112,AntsCount,1000,FacilitiesCount,5,CitiesCount,82,GlobalBest,358,IterBest,358,IterWorst,1052
Iteration,113,AntsCount,1000,FacilitiesCount,5,CitiesCount,82,GlobalBest,358,IterBest,358,IterWorst,874
Iteration,114,AntsCount,1000,FacilitiesCount,5,CitiesCount,82,GlobalBest,358,IterBest,358,IterWorst,1242
Iteration,115,AntsCount,1000,FacilitiesCount,5,CitiesCount,82,GlobalBest,358,IterBest,358,IterWorst,1094
Iteration,116,AntsCount,1000,FacilitiesCount,5,CitiesCount,82,GlobalBest,358,IterBest,358,IterWorst,1052
Iteration,117,AntsCount,1000,FacilitiesCount,5,CitiesCount,82,GlobalBest,358,IterBest,358,IterWorst,1225
Iteration,118,AntsCount,1000,FacilitiesCount,5,CitiesCount,82,GlobalBest,358,IterBest,358,IterWorst,974
Iteration,119,AntsCount,1000,FacilitiesCount,5,CitiesCount,82,GlobalBest,358,IterBest,358,IterWorst,1075
Iteration,120,AntsCount,1000,FacilitiesCount,5,CitiesCount,82,GlobalBest,358,IterBest,358,IterWorst,1052
Iteration,121,AntsCount,1000,FacilitiesCount,5,CitiesCount,82,GlobalBest,358,IterBest,358,IterWorst,1027
Iteration,122,AntsCount,1000,FacilitiesCount,5,CitiesCount,82,GlobalBest,358,IterBest,358,IterWorst,1242
Iteration,123,AntsCount,1000,FacilitiesCount,5,CitiesCount,82,GlobalBest,358,IterBest,358,IterWorst,1022
