Iteration,0,AntsCount,1000,FacilitiesCount,7,CitiesCount,82,GlobalBest,369,IterBest,369,IterWorst,984
Iteration,1,AntsCount,1000,FacilitiesCount,7,CitiesCount,82,GlobalBest,369,IterBest,370,IterWorst,1098
Iteration,2,AntsCount,1000,FacilitiesCount,7,CitiesCount,82,GlobalBest,338,IterBest,338,IterWorst,1085
Iteration,3,AntsCount,1000,FacilitiesCount,7,CitiesCount,82,GlobalBest,338,IterBest,347,IterWorst,1052
Iteration,4,AntsCount,1000,FacilitiesCount,7,CitiesCount,82,GlobalBest,338,IterBest,370,IterWorst,1044
Iteration,5,AntsCount,1000,FacilitiesCount,7,CitiesCount,82,GlobalBest,338,IterBest,358,IterWorst,1075
Iteration,6,AntsCount,1000,FacilitiesCount,7,CitiesCount,82,GlobalBest,283,IterBest,283,IterWorst,1050
Iteration,7,AntsCount,1000,FacilitiesCount,7,CitiesCount,82,GlobalBest,283,IterBest,325,IterWorst,1085
Iteration,8,AntsCount,1000,FacilitiesCount,7,CitiesCount,82,GlobalBest,283,IterBest,370,IterWorst,1079
Iteration,9,AntsCount,1000,FacilitiesCount,7,CitiesCount,82,GlobalBest,283,IterBest,370,IterWorst,1094
Iteration,10,AntsCount,1000,FacilitiesCount,7,CitiesCount,82,GlobalBest,283,IterBest,370,IterWorst,990
Iteration,11,AntsCount,1000,FacilitiesCount,7,CitiesCount,82,GlobalBest,283,IterBest,347,IterWorst,1085
Iteration,12,AntsCount,1000,FacilitiesCount,7,CitiesCount,82,GlobalBest,283,IterBest,339,IterWorst,1150
Iteration,13,AntsCount,1000,FacilitiesCount,7,CitiesCount,82,GlobalBest,283,IterBest,339,IterWorst,984
Iteration,14,AntsCount,1000,FacilitiesCount,7,CitiesCount,82,GlobalBest,283,IterBest,306,IterWorst,1085
Iteration,15,AntsCount,1000,FacilitiesCount,7,CitiesCount,82,GlobalBest,283,IterBest,325,IterWorst,1022
Iteration,16,AntsCount,1000,FacilitiesCount,7,CitiesCount,82,GlobalBest,283,IterBest,295,IterWorst,1022
Iteration,17,AntsCount,1000,FacilitiesCount,7,CitiesCount,82,GlobalBest,283,IterBest,361,IterWorst,1085
Iteration,18,AntsCount,1000,FacilitiesCount,7,CitiesCount,82,GlobalBest,283,IterBest,328,IterWorst,1085
Iteration,19,AntsCount,1000,FacilitiesCount,7,CitiesCount,82,GlobalBest,283,IterBest,291,IterWorst,1189
Iteration,20,AntsCount,1000,FacilitiesCount,7,CitiesCount,82,GlobalBest,283,IterBest,311,IterWorst,1022
Iteration,21,AntsCount,1000,FacilitiesCount,7,CitiesCount,82,GlobalBest,283,IterBest,337,IterWorst,1079
Iteration,22,AntsCount,1000,FacilitiesCount,7,CitiesCount,82,GlobalBest,283,IterBest,291,IterWorst,1079
Iteration,23,AntsCount,1000,FacilitiesCount,7,CitiesCount,82,GlobalBest,283,IterBest,291,IterWorst,1079
Iteration,24,AntsCount,1000,FacilitiesCount,7,CitiesCount,82,GlobalBest,283,IterBest,291,IterWorst,1094
Iteration,25,AntsCount,1000,FacilitiesCount,7,CitiesCount,82,GlobalBest,283,IterBest,291,IterWorst,1075
Iteration,26,AntsCount,1000,FacilitiesCount,7,CitiesCount,82,GlobalBest,283,IterBest,291,IterWorst,1219
Iteration,27,AntsCount,1000,FacilitiesCount,7,CitiesCount,82,GlobalBest,283,IterBest,291,IterWorst,1094
Iteration,28,AntsCount,1000,FacilitiesCount,7,CitiesCount,82,GlobalBest,283,IterBest,283,IterWorst,1219
Iteration,29,AntsCount,1000,FacilitiesCount,7,CitiesCount,82,GlobalBest,283,IterBest,283,IterWorst,882
Iteration,30,AntsCount,1000,FacilitiesCount,7,CitiesCount,82,GlobalBest,283,IterBest,283,IterWorst,899
Iteration,31,AntsCount,1000,FacilitiesCount,7,CitiesCount,82,GlobalBest,283,IterBest,283,IterWorst,882
Iteration,32,AntsCount,1000,FacilitiesCount,7,CitiesCount,82,GlobalBest,283,IterBest,283,IterWorst,882
Iteration,33,AntsCount,1000,FacilitiesCount,7,CitiesCount,82,GlobalBest,283,IterBest,283,IterWorst,1001
